<?xml version="1.0" encoding="UTF-8"?>
<!-- Generated by org.testng.reporters.JUnitReportReporter -->
<testsuite skipped="0" hostname="PavanKeerthi" name="testpackage.MecuryTours" tests="1" failures="0" timestamp="27 Mar 2018 03:09:08 GMT" time="15.215" errors="0">
  <testcase name="login" time="15.215" classname="testpackage.MecuryTours"/>
</testsuite> <!-- testpackage.MecuryTours -->
